[Debug Trace]
_ID_=    Date       Time      Elapsed     Elapsed2
0001=5/8/2015 7:51:01 AM        0.000               Starting: Creating the database for C:\cygwin\home\anderr14\scripts\server_stats\ChartCSV.xlsb(1)
0002=5/8/2015 7:51:01 AM        0.041        0.041      Done: Creating the database for C:\cygwin\home\anderr14\scripts\server_stats\ChartCSV.xlsb(1)
0003=5/8/2015 7:51:09 AM        7.549               Starting: Updating file information ...(1)
0004=5/8/2015 7:51:09 AM        0.021        0.021      Done: Updating file information ...(1)
0005=5/8/2015 7:51:18 AM        9.420               Starting: Importing data(1)
0006=5/8/2015 7:51:18 AM        0.020               Starting: Deleting old header info ...(2)
0007=5/8/2015 7:51:18 AM        0.010        0.010      Done: Deleting old header info ...(2)
0008=5/8/2015 7:51:18 AM        0.000               Starting: Importing counter names from C:\cygwin\home\anderr14\scripts\server_stats\server_2_05072015_134313.csv(2)
0009=5/8/2015 7:51:19 AM        0.371        0.371      Done: Imported 2664 counter names from C:\cygwin\home\anderr14\scripts\server_stats\server_2_05072015_134313.csv(2)
0010=5/8/2015 7:51:19 AM        0.010               Starting: Importing records from C:\cygwin\home\anderr14\scripts\server_stats\server_2_05072015_134313.csv(2)
0011=5/8/2015 7:51:19 AM        0.549               Starting: Warning: Record 12 was skipped due to lack of data(3)
0012=5/8/2015 7:51:19 AM        0.000        0.000      Done: Warning: Record 12 was skipped due to lack of data(3)
0013=5/8/2015 7:51:19 AM        0.010        0.559      Done: Counters: 2665   Records: 12   Fields: 31980    Fields/Sec: 57,272(2)
0014=5/8/2015 7:51:19 AM        0.010               Starting: Calculating Min, Max, Avg, Sum and StDev values ...(2)
0015=5/8/2015 7:51:19 AM        0.121        0.121      Done: Calculating Min, Max, Avg, Sum and StDev values ...(2)
0016=5/8/2015 7:51:19 AM        0.000               Starting: Updating tblHeaders with Min, Max, Sum and Avg values ...(2)
0017=5/8/2015 7:51:21 AM        2.092        2.092      Done: Updating tblHeaders with Min, Max, Sum and Avg values ...(2)
0018=5/8/2015 7:51:21 AM        0.010               Starting: Deleting requested counters from the database ...(2)
0019=5/8/2015 7:51:22 AM        0.129               Starting: Removing counters that have a Max value < 1 ...(3)
0020=5/8/2015 7:51:22 AM        0.189        0.189      Done: Removing counters that have a Max value < 1 ...(3)
0021=5/8/2015 7:51:22 AM        0.000               Starting: Compacting the database ...(3)
0022=5/8/2015 7:51:22 AM        0.070        0.070      Done: Compacting the database ...(3)
0023=5/8/2015 7:51:22 AM        0.010        0.398      Done: Deleting requested counters from the database ...(2)
0024=5/8/2015 7:51:22 AM        0.000        3.600      Done: Importing data(1)
0025=5/8/2015 7:51:48 AM       25.703               Starting: Starting build(1)
0026=5/8/2015 7:51:48 AM        0.010               Starting: Importing data(2)
0027=5/8/2015 7:51:48 AM        0.000        0.000      Done: Importing data(2)
0028=5/8/2015 7:51:48 AM        0.010               Starting: Building Master.MMA(2)
0029=5/8/2015 7:51:48 AM        0.730        0.730      Done: Building Master.MMA(2)
0030=5/8/2015 7:51:48 AM        0.049               Starting: Building charts ...(2)
0031=5/8/2015 7:51:49 AM        0.551               Starting: Building group NFSv3Latency(3)
0032=5/8/2015 7:51:49 AM        0.070        0.070      Done: Building group NFSv3Latency(3)
0033=5/8/2015 7:51:49 AM        0.350        0.971      Done: Building charts ...(2)
0034=5/8/2015 7:51:50 AM        0.260               Starting: Building group basicNet(2)
0035=5/8/2015 7:51:50 AM        0.010        0.010      Done: Building group basicNet(2)
0036=5/8/2015 7:51:50 AM        0.160        2.209      Done: Starting build(1)
0037=5/8/2015 7:57:20 AM      330.746               Starting: Building default group ...(1)
0038=5/8/2015 7:57:21 AM        0.102        0.102      Done: Building default group ...(1)
0039=5/8/2015 7:57:29 AM        8.568               Starting: Building group test(1)
0040=5/8/2015 7:57:29 AM        0.041        0.041      Done: Building group test(1)
0041=5/8/2015 8:01:55 AM      266.182               Starting: Building group test(1)
0042=5/8/2015 8:01:55 AM        0.059        0.059      Done: Building group test(1)
